<?xml version="1.0" encoding="UTF-8"?>
<testsuite name="PrincipalTest1" tests="1" skipped="0" failures="0" errors="0" timestamp="2021-07-07T22:57:10" hostname="Decagons-MacBook-Air.local" time="0.074">
  <properties/>
  <testcase name="functionPrincipal()" classname="PrincipalTest1" time="0.074"/>
  <system-out><![CDATA[]]></system-out>
  <system-err><![CDATA[]]></system-err>
</testsuite>
