<?xml version="1.0" encoding="UTF-8"?>
<testsuite name="TeacherTest" tests="1" skipped="0" failures="0" errors="0" timestamp="2021-07-05T18:56:37" hostname="Decagons-MacBook-Air.local" time="0.004">
  <properties/>
  <testcase name="functionTeacher" classname="TeacherTest" time="0.004"/>
  <system-out><![CDATA[]]></system-out>
  <system-err><![CDATA[]]></system-err>
</testsuite>
